changed directory
# Mapping stddata__latest to exact version: stddata__2015_08_21
Validating run selection against Broad Institute website ...
You've asked to download archives for the following tasks

     segmented_scna_minus_germline_cnv_hg19__seg.Level_3 Mutation_Packager_Oncotated_Calls.Level_3 Merge_Clinical.Level_1 rnaseqv2__illuminahiseq_rnaseqv2__unc_edu__Level_3__RSEM_genes_normalized__data.Level_3

run against the disease cohorts

      OV PAAD PRAD LIHC READ

from the stddata__2015_08_21 Firehose run. 
Attempting to retrieve data for Broad GDAC run stddata__2015_08_21 ...
--2015-11-08 19:59:49--  http://gdac.broadinstitute.org/runs/stddata__2015_08_21/data/OV/
     0K                                                      100%  159M=0s
--2015-11-08 19:59:49--  http://gdac.broadinstitute.org/runs/stddata__2015_08_21/data/OV/?C=N;O=D
     0K                                                      100%  172M=0s
--2015-11-08 19:59:49--  http://gdac.broadinstitute.org/runs/stddata__2015_08_21/data/OV/?C=M;O=A
     0K                                                      100%  173M=0s
--2015-11-08 19:59:50--  http://gdac.broadinstitute.org/runs/stddata__2015_08_21/data/OV/?C=S;O=A
     0K                                                      100%  172M=0s
--2015-11-08 19:59:50--  http://gdac.broadinstitute.org/runs/stddata__2015_08_21/data/OV/?C=D;O=A
     0K                                                      100%  155M=0s
--2015-11-08 19:59:50--  http://gdac.broadinstitute.org/runs/stddata__2015_08_21/data/OV/20150821/
     0K .                                                     2.92M=0.04s
--2015-11-08 19:59:50--  http://gdac.broadinstitute.org/runs/stddata__2015_08_21/data/OV/?C=N;O=A
     0K                                                      100%  178M=0s
--2015-11-08 19:59:50--  http://gdac.broadinstitute.org/runs/stddata__2015_08_21/data/OV/?C=M;O=D
     0K                                                      100%  177M=0s
--2015-11-08 19:59:50--  http://gdac.broadinstitute.org/runs/stddata__2015_08_21/data/OV/?C=S;O=D
     0K                                                      100%  181M=0s
--2015-11-08 19:59:50--  http://gdac.broadinstitute.org/runs/stddata__2015_08_21/data/OV/?C=D;O=D
     0K                                                      100%  190M=0s
--2015-11-08 19:59:50--  http://gdac.broadinstitute.org/runs/stddata__2015_08_21/data/OV/20150821/?C=N;O=D
     0K .                                                     2.87M=0.04s
--2015-11-08 19:59:50--  http://gdac.broadinstitute.org/runs/stddata__2015_08_21/data/OV/20150821/?C=M;O=A
     0K .                                                     2.91M=0.04s
--2015-11-08 19:59:50--  http://gdac.broadinstitute.org/runs/stddata__2015_08_21/data/OV/20150821/?C=S;O=A
     0K .                                                     2.88M=0.04s
--2015-11-08 19:59:50--  http://gdac.broadinstitute.org/runs/stddata__2015_08_21/data/OV/20150821/?C=D;O=A
     0K .                                                     2.91M=0.04s
--2015-11-08 19:59:50--  http://gdac.broadinstitute.org/runs/stddata__2015_08_21/data/OV/20150821/gdac.broadinstitute.org_OV.Merge_Clinical.Level_1.2015082100.0.0.tar.gz
Saving to: “stddata__2015_08_21/OV/20150821/gdac.broadinstitute.org_OV.Merge_Clinical.Level_1.2015082100.0.0.tar.gz”
     0K ........ ........ ........ ........ ........         100% 5.58M=0.4s
--2015-11-08 19:59:51--  http://gdac.broadinstitute.org/runs/stddata__2015_08_21/data/OV/20150821/gdac.broadinstitute.org_OV.Merge_Clinical.Level_1.2015082100.0.0.tar.gz.md5
Saving to: “stddata__2015_08_21/OV/20150821/gdac.broadinstitute.org_OV.Merge_Clinical.Level_1.2015082100.0.0.tar.gz.md5”
     0K                                                      100% 18.6M=0s
--2015-11-08 19:59:51--  http://gdac.broadinstitute.org/runs/stddata__2015_08_21/data/OV/20150821/gdac.broadinstitute.org_OV.Merge_rnaseqv2__illuminahiseq_rnaseqv2__unc_edu__Level_3__RSEM_genes_normalized__data.Level_3.2015082100.0.0.tar.gz
Saving to: “stddata__2015_08_21/OV/20150821/gdac.broadinstitute.org_OV.Merge_rnaseqv2__illuminahiseq_rnaseqv2__unc_edu__Level_3__RSEM_genes_normalized__data.Level_3.2015082100.0.0.tar.gz”
     0K ........ ........ ........ ........ ........ ........ 12% 10.4M 2s
  3072K ........ ........ ........ ........ ........ ........ 24% 26.1M 1s
  6144K ........ ........ ........ ........ ........ ........ 37% 31.6M 1s
  9216K ........ ........ ........ ........ ........ ........ 49% 52.9M 1s
 12288K ........ ........ ........ ........ ........ ........ 61% 60.8M 0s
 15360K ........ ........ ........ ........ ........ ........ 74% 61.4M 0s
 18432K ........ ........ ........ ........ ........ ........ 86% 41.8M 0s
 21504K ........ ........ ........ ........ ........ ........ 98% 61.5M 0s
 24576K ....                                                 100% 63.1M=0.8s
--2015-11-08 19:59:51--  http://gdac.broadinstitute.org/runs/stddata__2015_08_21/data/OV/20150821/gdac.broadinstitute.org_OV.Merge_rnaseqv2__illuminahiseq_rnaseqv2__unc_edu__Level_3__RSEM_genes_normalized__data.Level_3.2015082100.0.0.tar.gz.md5
Saving to: “stddata__2015_08_21/OV/20150821/gdac.broadinstitute.org_OV.Merge_rnaseqv2__illuminahiseq_rnaseqv2__unc_edu__Level_3__RSEM_genes_normalized__data.Level_3.2015082100.0.0.tar.gz.md5”
     0K                                                      100% 30.3M=0s
--2015-11-08 19:59:51--  http://gdac.broadinstitute.org/runs/stddata__2015_08_21/data/OV/20150821/gdac.broadinstitute.org_OV.Merge_snp__genome_wide_snp_6__broad_mit_edu__Level_3__segmented_scna_minus_germline_cnv_hg19__seg.Level_3.2015082100.0.0.tar.gz
Saving to: “stddata__2015_08_21/OV/20150821/gdac.broadinstitute.org_OV.Merge_snp__genome_wide_snp_6__broad_mit_edu__Level_3__segmented_scna_minus_germline_cnv_hg19__seg.Level_3.2015082100.0.0.tar.gz”
     0K ........ ........ ........ ........ ........ ........ 70% 10.5M 0s
  3072K ........ ........ ....                               100% 27.1M=0.3s
--2015-11-08 19:59:52--  http://gdac.broadinstitute.org/runs/stddata__2015_08_21/data/OV/20150821/gdac.broadinstitute.org_OV.Merge_snp__genome_wide_snp_6__broad_mit_edu__Level_3__segmented_scna_minus_germline_cnv_hg19__seg.Level_3.2015082100.0.0.tar.gz.md5
Saving to: “stddata__2015_08_21/OV/20150821/gdac.broadinstitute.org_OV.Merge_snp__genome_wide_snp_6__broad_mit_edu__Level_3__segmented_scna_minus_germline_cnv_hg19__seg.Level_3.2015082100.0.0.tar.gz.md5”
     0K                                                      100% 34.1M=0s
--2015-11-08 19:59:52--  http://gdac.broadinstitute.org/runs/stddata__2015_08_21/data/OV/20150821/gdac.broadinstitute.org_OV.Mutation_Packager_Oncotated_Calls.Level_3.2015082100.1.0.tar.gz
Saving to: “stddata__2015_08_21/OV/20150821/gdac.broadinstitute.org_OV.Mutation_Packager_Oncotated_Calls.Level_3.2015082100.1.0.tar.gz”
     0K ........ ........ ........ ........ ........ ........ 15% 11.7M 1s
  3072K ........ ........ ........ ........ ........ ........ 30% 30.2M 1s
  6144K ........ ........ ........ ........ ........ ........ 46% 42.5M 0s
  9216K ........ ........ ........ ........ ........ ........ 61% 57.1M 0s
 12288K ........ ........ ........ ........ ........ ........ 76% 72.8M 0s
 15360K ........ ........ ........ ........ ........ ........ 92% 84.5M 0s
 18432K ........ ........ ........                           100% 91.8M=0.6s
--2015-11-08 19:59:53--  http://gdac.broadinstitute.org/runs/stddata__2015_08_21/data/OV/20150821/gdac.broadinstitute.org_OV.Mutation_Packager_Oncotated_Calls.Level_3.2015082100.1.0.tar.gz.md5
Saving to: “stddata__2015_08_21/OV/20150821/gdac.broadinstitute.org_OV.Mutation_Packager_Oncotated_Calls.Level_3.2015082100.1.0.tar.gz.md5”
     0K                                                      100% 21.6M=0s
FINISHED --2015-11-08 19:59:53--
Downloaded: 22 files, 51M in 2.3s (22.1 MB/s)
--2015-11-08 19:59:53--  http://gdac.broadinstitute.org/runs/stddata__2015_08_21/data/PAAD/
     0K                                                      100%  170M=0s
--2015-11-08 19:59:53--  http://gdac.broadinstitute.org/runs/stddata__2015_08_21/data/PAAD/?C=N;O=D
     0K                                                      100%  175M=0s
--2015-11-08 19:59:53--  http://gdac.broadinstitute.org/runs/stddata__2015_08_21/data/PAAD/?C=M;O=A
     0K                                                      100%  162M=0s
--2015-11-08 19:59:53--  http://gdac.broadinstitute.org/runs/stddata__2015_08_21/data/PAAD/?C=S;O=A
     0K                                                      100%  171M=0s
--2015-11-08 19:59:53--  http://gdac.broadinstitute.org/runs/stddata__2015_08_21/data/PAAD/?C=D;O=A
     0K                                                      100%  179M=0s
--2015-11-08 19:59:53--  http://gdac.broadinstitute.org/runs/stddata__2015_08_21/data/PAAD/20150821/
     0K                                                       2.28M=0.03s
--2015-11-08 19:59:53--  http://gdac.broadinstitute.org/runs/stddata__2015_08_21/data/PAAD/?C=N;O=A
     0K                                                      100%  159M=0s
--2015-11-08 19:59:53--  http://gdac.broadinstitute.org/runs/stddata__2015_08_21/data/PAAD/?C=M;O=D
     0K                                                      100%  172M=0s
--2015-11-08 19:59:53--  http://gdac.broadinstitute.org/runs/stddata__2015_08_21/data/PAAD/?C=S;O=D
     0K                                                      100%  189M=0s
--2015-11-08 19:59:53--  http://gdac.broadinstitute.org/runs/stddata__2015_08_21/data/PAAD/?C=D;O=D
     0K                                                      100%  176M=0s
--2015-11-08 19:59:53--  http://gdac.broadinstitute.org/runs/stddata__2015_08_21/data/PAAD/20150821/?C=N;O=D
     0K                                                       2.29M=0.02s
--2015-11-08 19:59:53--  http://gdac.broadinstitute.org/runs/stddata__2015_08_21/data/PAAD/20150821/?C=M;O=A
     0K                                                       2.31M=0.02s
--2015-11-08 19:59:53--  http://gdac.broadinstitute.org/runs/stddata__2015_08_21/data/PAAD/20150821/?C=S;O=A
     0K                                                       2.34M=0.02s
--2015-11-08 19:59:53--  http://gdac.broadinstitute.org/runs/stddata__2015_08_21/data/PAAD/20150821/?C=D;O=A
     0K                                                       1.15M=0.05s
--2015-11-08 19:59:54--  http://gdac.broadinstitute.org/runs/stddata__2015_08_21/data/PAAD/20150821/gdac.broadinstitute.org_PAAD.Merge_Clinical.Level_1.2015082100.0.0.tar.gz
Saving to: “stddata__2015_08_21/PAAD/20150821/gdac.broadinstitute.org_PAAD.Merge_Clinical.Level_1.2015082100.0.0.tar.gz”
     0K ........                                             100% 2.75M=0.2s
--2015-11-08 19:59:54--  http://gdac.broadinstitute.org/runs/stddata__2015_08_21/data/PAAD/20150821/gdac.broadinstitute.org_PAAD.Merge_Clinical.Level_1.2015082100.0.0.tar.gz.md5
Saving to: “stddata__2015_08_21/PAAD/20150821/gdac.broadinstitute.org_PAAD.Merge_Clinical.Level_1.2015082100.0.0.tar.gz.md5”
     0K                                                      100% 19.7M=0s
--2015-11-08 19:59:54--  http://gdac.broadinstitute.org/runs/stddata__2015_08_21/data/PAAD/20150821/gdac.broadinstitute.org_PAAD.Merge_rnaseqv2__illuminahiseq_rnaseqv2__unc_edu__Level_3__RSEM_genes_normalized__data.Level_3.2015082100.0.0.tar.gz
Saving to: “stddata__2015_08_21/PAAD/20150821/gdac.broadinstitute.org_PAAD.Merge_rnaseqv2__illuminahiseq_rnaseqv2__unc_edu__Level_3__RSEM_genes_normalized__data.Level_3.2015082100.0.0.tar.gz”
     0K ........ ........ ........ ........ ........ ........ 20% 6.04M 2s
  3072K ........ ........ ........ ........ ........ ........ 41% 8.82M 1s
  6144K ........ ........ ........ ........ ........ ........ 61% 8.08M 1s
  9216K ........ ........ ........ ........ ........ ........ 82% 9.84M 0s
 12288K ........ ........ ........ ........ ........ .       100% 9.11M=1.8s
--2015-11-08 19:59:56--  http://gdac.broadinstitute.org/runs/stddata__2015_08_21/data/PAAD/20150821/gdac.broadinstitute.org_PAAD.Merge_rnaseqv2__illuminahiseq_rnaseqv2__unc_edu__Level_3__RSEM_genes_normalized__data.Level_3.2015082100.0.0.tar.gz.md5
Saving to: “stddata__2015_08_21/PAAD/20150821/gdac.broadinstitute.org_PAAD.Merge_rnaseqv2__illuminahiseq_rnaseqv2__unc_edu__Level_3__RSEM_genes_normalized__data.Level_3.2015082100.0.0.tar.gz.md5”
     0K                                                      100% 32.4M=0s
--2015-11-08 19:59:56--  http://gdac.broadinstitute.org/runs/stddata__2015_08_21/data/PAAD/20150821/gdac.broadinstitute.org_PAAD.Merge_snp__genome_wide_snp_6__broad_mit_edu__Level_3__segmented_scna_minus_germline_cnv_hg19__seg.Level_3.2015082100.0.0.tar.gz
Saving to: “stddata__2015_08_21/PAAD/20150821/gdac.broadinstitute.org_PAAD.Merge_snp__genome_wide_snp_6__broad_mit_edu__Level_3__segmented_scna_minus_germline_cnv_hg19__seg.Level_3.2015082100.0.0.tar.gz”
     0K ........                                             100% 5.04M=0.1s
--2015-11-08 19:59:56--  http://gdac.broadinstitute.org/runs/stddata__2015_08_21/data/PAAD/20150821/gdac.broadinstitute.org_PAAD.Merge_snp__genome_wide_snp_6__broad_mit_edu__Level_3__segmented_scna_minus_germline_cnv_hg19__seg.Level_3.2015082100.0.0.tar.gz.md5
Saving to: “stddata__2015_08_21/PAAD/20150821/gdac.broadinstitute.org_PAAD.Merge_snp__genome_wide_snp_6__broad_mit_edu__Level_3__segmented_scna_minus_germline_cnv_hg19__seg.Level_3.2015082100.0.0.tar.gz.md5”
     0K                                                      100% 35.3M=0s
--2015-11-08 19:59:56--  http://gdac.broadinstitute.org/runs/stddata__2015_08_21/data/PAAD/20150821/gdac.broadinstitute.org_PAAD.Mutation_Packager_Oncotated_Calls.Level_3.2015082100.1.0.tar.gz
Saving to: “stddata__2015_08_21/PAAD/20150821/gdac.broadinstitute.org_PAAD.Mutation_Packager_Oncotated_Calls.Level_3.2015082100.1.0.tar.gz”
     0K ........ ........ ........ ........ ........ ........  7% 10.4M 3s
  3072K ........ ........ ........ ........ ........ ........ 15% 13.2M 3s
  6144K ........ ........ ........ ........ ........ ........ 23% 18.3M 2s
  9216K ........ ........ ........ ........ ........ ........ 31% 21.2M 2s
 12288K ........ ........ ........ ........ ........ ........ 39% 18.1M 1s
 15360K ........ ........ ........ ........ ........ ........ 47% 18.1M 1s
 18432K ........ ........ ........ ........ ........ ........ 55% 23.1M 1s
 21504K ........ ........ ........ ........ ........ ........ 63% 23.8M 1s
 24576K ........ ........ ........ ........ ........ ........ 71% 23.9M 1s
 27648K ........ ........ ........ ........ ........ ........ 79% 24.0M 0s
 30720K ........ ........ ........ ........ ........ ........ 87% 24.9M 0s
 33792K ........ ........ ........ ........ ........ ........ 95% 25.0M 0s
 36864K ........ ........ ........ ..                        100% 25.9M=2.0s
--2015-11-08 19:59:58--  http://gdac.broadinstitute.org/runs/stddata__2015_08_21/data/PAAD/20150821/gdac.broadinstitute.org_PAAD.Mutation_Packager_Oncotated_Calls.Level_3.2015082100.1.0.tar.gz.md5
Saving to: “stddata__2015_08_21/PAAD/20150821/gdac.broadinstitute.org_PAAD.Mutation_Packager_Oncotated_Calls.Level_3.2015082100.1.0.tar.gz.md5”
     0K                                                      100% 20.3M=0s
FINISHED --2015-11-08 19:59:58--
Downloaded: 22 files, 54M in 4.2s (12.7 MB/s)
--2015-11-08 19:59:58--  http://gdac.broadinstitute.org/runs/stddata__2015_08_21/data/PRAD/
     0K                                                      100%  155M=0s
--2015-11-08 19:59:58--  http://gdac.broadinstitute.org/runs/stddata__2015_08_21/data/PRAD/?C=N;O=D
     0K                                                      100%  174M=0s
--2015-11-08 19:59:58--  http://gdac.broadinstitute.org/runs/stddata__2015_08_21/data/PRAD/?C=M;O=A
     0K                                                      100%  179M=0s
--2015-11-08 19:59:58--  http://gdac.broadinstitute.org/runs/stddata__2015_08_21/data/PRAD/?C=S;O=A
     0K                                                      100%  173M=0s
--2015-11-08 19:59:58--  http://gdac.broadinstitute.org/runs/stddata__2015_08_21/data/PRAD/?C=D;O=A
     0K                                                      100%  169M=0s
--2015-11-08 19:59:58--  http://gdac.broadinstitute.org/runs/stddata__2015_08_21/data/PRAD/20150821/
     0K .                                                     2.37M=0.04s
--2015-11-08 19:59:58--  http://gdac.broadinstitute.org/runs/stddata__2015_08_21/data/PRAD/?C=N;O=A
     0K                                                      100%  162M=0s
--2015-11-08 19:59:58--  http://gdac.broadinstitute.org/runs/stddata__2015_08_21/data/PRAD/?C=M;O=D
     0K                                                      100%  179M=0s
--2015-11-08 19:59:58--  http://gdac.broadinstitute.org/runs/stddata__2015_08_21/data/PRAD/?C=S;O=D
     0K                                                      100%  189M=0s
--2015-11-08 19:59:58--  http://gdac.broadinstitute.org/runs/stddata__2015_08_21/data/PRAD/?C=D;O=D
     0K                                                      100%  178M=0s
--2015-11-08 19:59:58--  http://gdac.broadinstitute.org/runs/stddata__2015_08_21/data/PRAD/20150821/?C=N;O=D
     0K .                                                     2.38M=0.04s
--2015-11-08 19:59:58--  http://gdac.broadinstitute.org/runs/stddata__2015_08_21/data/PRAD/20150821/?C=M;O=A
     0K .                                                     2.31M=0.04s
--2015-11-08 19:59:58--  http://gdac.broadinstitute.org/runs/stddata__2015_08_21/data/PRAD/20150821/?C=S;O=A
     0K .                                                     2.36M=0.04s
--2015-11-08 19:59:59--  http://gdac.broadinstitute.org/runs/stddata__2015_08_21/data/PRAD/20150821/?C=D;O=A
     0K .                                                     2.36M=0.04s
--2015-11-08 19:59:59--  http://gdac.broadinstitute.org/runs/stddata__2015_08_21/data/PRAD/20150821/gdac.broadinstitute.org_PRAD-FFPE.Merge_Clinical.Level_1.2015082100.0.0.tar.gz
Saving to: “stddata__2015_08_21/PRAD/20150821/gdac.broadinstitute.org_PRAD-FFPE.Merge_Clinical.Level_1.2015082100.0.0.tar.gz”
     0K                                                      100% 99.9M=0s
--2015-11-08 19:59:59--  http://gdac.broadinstitute.org/runs/stddata__2015_08_21/data/PRAD/20150821/gdac.broadinstitute.org_PRAD-FFPE.Merge_Clinical.Level_1.2015082100.0.0.tar.gz.md5
Saving to: “stddata__2015_08_21/PRAD/20150821/gdac.broadinstitute.org_PRAD-FFPE.Merge_Clinical.Level_1.2015082100.0.0.tar.gz.md5”
     0K                                                      100% 21.3M=0s
--2015-11-08 19:59:59--  http://gdac.broadinstitute.org/runs/stddata__2015_08_21/data/PRAD/20150821/gdac.broadinstitute.org_PRAD-FFPE.Merge_snp__genome_wide_snp_6__broad_mit_edu__Level_3__segmented_scna_minus_germline_cnv_hg19__seg.Level_3.2015082100.0.0.tar.gz
Saving to: “stddata__2015_08_21/PRAD/20150821/gdac.broadinstitute.org_PRAD-FFPE.Merge_snp__genome_wide_snp_6__broad_mit_edu__Level_3__segmented_scna_minus_germline_cnv_hg19__seg.Level_3.2015082100.0.0.tar.gz”
     0K                                                      100% 1.83M=0.02s
--2015-11-08 19:59:59--  http://gdac.broadinstitute.org/runs/stddata__2015_08_21/data/PRAD/20150821/gdac.broadinstitute.org_PRAD-FFPE.Merge_snp__genome_wide_snp_6__broad_mit_edu__Level_3__segmented_scna_minus_germline_cnv_hg19__seg.Level_3.2015082100.0.0.tar.gz.md5
Saving to: “stddata__2015_08_21/PRAD/20150821/gdac.broadinstitute.org_PRAD-FFPE.Merge_snp__genome_wide_snp_6__broad_mit_edu__Level_3__segmented_scna_minus_germline_cnv_hg19__seg.Level_3.2015082100.0.0.tar.gz.md5”
     0K                                                      100% 34.5M=0s
--2015-11-08 19:59:59--  http://gdac.broadinstitute.org/runs/stddata__2015_08_21/data/PRAD/20150821/gdac.broadinstitute.org_PRAD.Merge_Clinical.Level_1.2015082100.0.0.tar.gz
Saving to: “stddata__2015_08_21/PRAD/20150821/gdac.broadinstitute.org_PRAD.Merge_Clinical.Level_1.2015082100.0.0.tar.gz”
     0K ........ ........ ..                                 100% 9.52M=0.1s
--2015-11-08 19:59:59--  http://gdac.broadinstitute.org/runs/stddata__2015_08_21/data/PRAD/20150821/gdac.broadinstitute.org_PRAD.Merge_Clinical.Level_1.2015082100.0.0.tar.gz.md5
Saving to: “stddata__2015_08_21/PRAD/20150821/gdac.broadinstitute.org_PRAD.Merge_Clinical.Level_1.2015082100.0.0.tar.gz.md5”
     0K                                                      100% 19.6M=0s
--2015-11-08 19:59:59--  http://gdac.broadinstitute.org/runs/stddata__2015_08_21/data/PRAD/20150821/gdac.broadinstitute.org_PRAD.Merge_rnaseqv2__illuminahiseq_rnaseqv2__unc_edu__Level_3__RSEM_genes_normalized__data.Level_3.2015082100.0.0.tar.gz
Saving to: “stddata__2015_08_21/PRAD/20150821/gdac.broadinstitute.org_PRAD.Merge_rnaseqv2__illuminahiseq_rnaseqv2__unc_edu__Level_3__RSEM_genes_normalized__data.Level_3.2015082100.0.0.tar.gz”
     0K ........ ........ ........ ........ ........ ........  7% 15.7M 3s
  3072K ........ ........ ........ ........ ........ ........ 14% 35.7M 2s
  6144K ........ ........ ........ ........ ........ ........ 21% 49.6M 1s
  9216K ........ ........ ........ ........ ........ ........ 28% 64.7M 1s
 12288K ........ ........ ........ ........ ........ ........ 35% 78.7M 1s
 15360K ........ ........ ........ ........ ........ ........ 42% 90.4M 1s
 18432K ........ ........ ........ ........ ........ ........ 49% 94.3M 0s
 21504K ........ ........ ........ ........ ........ ........ 56% 95.2M 0s
 24576K ........ ........ ........ ........ ........ ........ 63% 95.0M 0s
 27648K ........ ........ ........ ........ ........ ........ 70% 85.4M 0s
 30720K ........ ........ ........ ........ ........ ........ 77% 93.9M 0s
 33792K ........ ........ ........ ........ ........ ........ 84% 94.9M 0s
 36864K ........ ........ ........ ........ ........ ........ 91% 94.7M 0s
 39936K ........ ........ ........ ........ ........ ........ 98% 94.6M 0s
 43008K ........ .                                           100% 94.9M=0.7s
--2015-11-08 20:00:00--  http://gdac.broadinstitute.org/runs/stddata__2015_08_21/data/PRAD/20150821/gdac.broadinstitute.org_PRAD.Merge_rnaseqv2__illuminahiseq_rnaseqv2__unc_edu__Level_3__RSEM_genes_normalized__data.Level_3.2015082100.0.0.tar.gz.md5
Saving to: “stddata__2015_08_21/PRAD/20150821/gdac.broadinstitute.org_PRAD.Merge_rnaseqv2__illuminahiseq_rnaseqv2__unc_edu__Level_3__RSEM_genes_normalized__data.Level_3.2015082100.0.0.tar.gz.md5”
     0K                                                      100% 33.1M=0s
--2015-11-08 20:00:00--  http://gdac.broadinstitute.org/runs/stddata__2015_08_21/data/PRAD/20150821/gdac.broadinstitute.org_PRAD.Merge_snp__genome_wide_snp_6__broad_mit_edu__Level_3__segmented_scna_minus_germline_cnv_hg19__seg.Level_3.2015082100.0.0.tar.gz
Saving to: “stddata__2015_08_21/PRAD/20150821/gdac.broadinstitute.org_PRAD.Merge_snp__genome_wide_snp_6__broad_mit_edu__Level_3__segmented_scna_minus_germline_cnv_hg19__seg.Level_3.2015082100.0.0.tar.gz”
     0K ........ ........ ........ .....                     100% 13.5M=0.1s
--2015-11-08 20:00:00--  http://gdac.broadinstitute.org/runs/stddata__2015_08_21/data/PRAD/20150821/gdac.broadinstitute.org_PRAD.Merge_snp__genome_wide_snp_6__broad_mit_edu__Level_3__segmented_scna_minus_germline_cnv_hg19__seg.Level_3.2015082100.0.0.tar.gz.md5
Saving to: “stddata__2015_08_21/PRAD/20150821/gdac.broadinstitute.org_PRAD.Merge_snp__genome_wide_snp_6__broad_mit_edu__Level_3__segmented_scna_minus_germline_cnv_hg19__seg.Level_3.2015082100.0.0.tar.gz.md5”
     0K                                                      100% 34.1M=0s
--2015-11-08 20:00:00--  http://gdac.broadinstitute.org/runs/stddata__2015_08_21/data/PRAD/20150821/gdac.broadinstitute.org_PRAD.Mutation_Packager_Oncotated_Calls.Level_3.2015082100.1.0.tar.gz
Saving to: “stddata__2015_08_21/PRAD/20150821/gdac.broadinstitute.org_PRAD.Mutation_Packager_Oncotated_Calls.Level_3.2015082100.1.0.tar.gz”
     0K ........ ........ ........ ........ ........ ........ 23% 19.4M 1s
  3072K ........ ........ ........ ........ ........ ........ 46% 58.1M 0s
  6144K ........ ........ ........ ........ ........ ........ 69% 58.0M 0s
  9216K ........ ........ ........ ........ ........ ........ 92% 57.5M 0s
 12288K ........ ........                                    100% 57.7M=0.3s
--2015-11-08 20:00:00--  http://gdac.broadinstitute.org/runs/stddata__2015_08_21/data/PRAD/20150821/gdac.broadinstitute.org_PRAD.Mutation_Packager_Oncotated_Calls.Level_3.2015082100.1.0.tar.gz.md5
Saving to: “stddata__2015_08_21/PRAD/20150821/gdac.broadinstitute.org_PRAD.Mutation_Packager_Oncotated_Calls.Level_3.2015082100.1.0.tar.gz.md5”
     0K                                                      100% 23.4M=0s
FINISHED --2015-11-08 20:00:00--
Downloaded: 26 files, 59M in 1.5s (39.0 MB/s)
--2015-11-08 20:00:00--  http://gdac.broadinstitute.org/runs/stddata__2015_08_21/data/LIHC/
     0K                                                      100%  165M=0s
--2015-11-08 20:00:00--  http://gdac.broadinstitute.org/runs/stddata__2015_08_21/data/LIHC/?C=N;O=D
     0K                                                      100%  174M=0s
--2015-11-08 20:00:00--  http://gdac.broadinstitute.org/runs/stddata__2015_08_21/data/LIHC/?C=M;O=A
     0K                                                      100%  180M=0s
--2015-11-08 20:00:01--  http://gdac.broadinstitute.org/runs/stddata__2015_08_21/data/LIHC/?C=S;O=A
     0K                                                      100%  181M=0s
--2015-11-08 20:00:01--  http://gdac.broadinstitute.org/runs/stddata__2015_08_21/data/LIHC/?C=D;O=A
     0K                                                      100%  158M=0s
--2015-11-08 20:00:01--  http://gdac.broadinstitute.org/runs/stddata__2015_08_21/data/LIHC/20150821/
     0K .                                                     1.70M=0.04s
--2015-11-08 20:00:01--  http://gdac.broadinstitute.org/runs/stddata__2015_08_21/data/LIHC/?C=N;O=A
     0K                                                      100%  173M=0s
--2015-11-08 20:00:01--  http://gdac.broadinstitute.org/runs/stddata__2015_08_21/data/LIHC/?C=M;O=D
     0K                                                      100%  183M=0s
--2015-11-08 20:00:01--  http://gdac.broadinstitute.org/runs/stddata__2015_08_21/data/LIHC/?C=S;O=D
     0K                                                      100%  186M=0s
--2015-11-08 20:00:01--  http://gdac.broadinstitute.org/runs/stddata__2015_08_21/data/LIHC/?C=D;O=D
     0K                                                      100%  180M=0s
--2015-11-08 20:00:01--  http://gdac.broadinstitute.org/runs/stddata__2015_08_21/data/LIHC/20150821/?C=N;O=D
     0K .                                                     2.64M=0.02s
--2015-11-08 20:00:01--  http://gdac.broadinstitute.org/runs/stddata__2015_08_21/data/LIHC/20150821/?C=M;O=A
     0K .                                                     2.62M=0.02s
--2015-11-08 20:00:01--  http://gdac.broadinstitute.org/runs/stddata__2015_08_21/data/LIHC/20150821/?C=S;O=A
     0K .                                                     2.64M=0.02s
--2015-11-08 20:00:01--  http://gdac.broadinstitute.org/runs/stddata__2015_08_21/data/LIHC/20150821/?C=D;O=A
     0K .                                                     2.70M=0.02s
--2015-11-08 20:00:01--  http://gdac.broadinstitute.org/runs/stddata__2015_08_21/data/LIHC/20150821/gdac.broadinstitute.org_LIHC.Merge_Clinical.Level_1.2015082100.0.0.tar.gz
Saving to: “stddata__2015_08_21/LIHC/20150821/gdac.broadinstitute.org_LIHC.Merge_Clinical.Level_1.2015082100.0.0.tar.gz”
     0K ........ ......                                      100% 8.17M=0.1s
--2015-11-08 20:00:01--  http://gdac.broadinstitute.org/runs/stddata__2015_08_21/data/LIHC/20150821/gdac.broadinstitute.org_LIHC.Merge_Clinical.Level_1.2015082100.0.0.tar.gz.md5
Saving to: “stddata__2015_08_21/LIHC/20150821/gdac.broadinstitute.org_LIHC.Merge_Clinical.Level_1.2015082100.0.0.tar.gz.md5”
     0K                                                      100% 18.9M=0s
--2015-11-08 20:00:01--  http://gdac.broadinstitute.org/runs/stddata__2015_08_21/data/LIHC/20150821/gdac.broadinstitute.org_LIHC.Merge_rnaseqv2__illuminahiseq_rnaseqv2__unc_edu__Level_3__RSEM_genes_normalized__data.Level_3.2015082100.0.0.tar.gz
Saving to: “stddata__2015_08_21/LIHC/20150821/gdac.broadinstitute.org_LIHC.Merge_rnaseqv2__illuminahiseq_rnaseqv2__unc_edu__Level_3__RSEM_genes_normalized__data.Level_3.2015082100.0.0.tar.gz”
     0K ........ ........ ........ ........ ........ ........  9% 12.7M 2s
  3072K ........ ........ ........ ........ ........ ........ 18% 26.2M 2s
  6144K ........ ........ ........ ........ ........ ........ 28% 35.4M 1s
  9216K ........ ........ ........ ........ ........ ........ 37% 39.0M 1s
 12288K ........ ........ ........ ........ ........ ........ 47% 22.8M 1s
 15360K ........ ........ ........ ........ ........ ........ 56% 19.9M 1s
 18432K ........ ........ ........ ........ ........ ........ 66% 24.1M 0s
 21504K ........ ........ ........ ........ ........ ........ 75% 20.9M 0s
 24576K ........ ........ ........ ........ ........ ........ 84% 24.9M 0s
 27648K ........ ........ ........ ........ ........ ........ 94% 20.6M 0s
 30720K ........ ........ ........ ....                      100% 12.2M=1.5s
--2015-11-08 20:00:03--  http://gdac.broadinstitute.org/runs/stddata__2015_08_21/data/LIHC/20150821/gdac.broadinstitute.org_LIHC.Merge_rnaseqv2__illuminahiseq_rnaseqv2__unc_edu__Level_3__RSEM_genes_normalized__data.Level_3.2015082100.0.0.tar.gz.md5
Saving to: “stddata__2015_08_21/LIHC/20150821/gdac.broadinstitute.org_LIHC.Merge_rnaseqv2__illuminahiseq_rnaseqv2__unc_edu__Level_3__RSEM_genes_normalized__data.Level_3.2015082100.0.0.tar.gz.md5”
     0K                                                      100% 33.7M=0s
--2015-11-08 20:00:03--  http://gdac.broadinstitute.org/runs/stddata__2015_08_21/data/LIHC/20150821/gdac.broadinstitute.org_LIHC.Merge_snp__genome_wide_snp_6__broad_mit_edu__Level_3__segmented_scna_minus_germline_cnv_hg19__seg.Level_3.2015082100.0.0.tar.gz
Saving to: “stddata__2015_08_21/LIHC/20150821/gdac.broadinstitute.org_LIHC.Merge_snp__genome_wide_snp_6__broad_mit_edu__Level_3__segmented_scna_minus_germline_cnv_hg19__seg.Level_3.2015082100.0.0.tar.gz”
     0K ........ ........ ........                           100% 11.0M=0.1s
--2015-11-08 20:00:03--  http://gdac.broadinstitute.org/runs/stddata__2015_08_21/data/LIHC/20150821/gdac.broadinstitute.org_LIHC.Merge_snp__genome_wide_snp_6__broad_mit_edu__Level_3__segmented_scna_minus_germline_cnv_hg19__seg.Level_3.2015082100.0.0.tar.gz.md5
Saving to: “stddata__2015_08_21/LIHC/20150821/gdac.broadinstitute.org_LIHC.Merge_snp__genome_wide_snp_6__broad_mit_edu__Level_3__segmented_scna_minus_germline_cnv_hg19__seg.Level_3.2015082100.0.0.tar.gz.md5”
     0K                                                      100% 34.4M=0s
--2015-11-08 20:00:03--  http://gdac.broadinstitute.org/runs/stddata__2015_08_21/data/LIHC/20150821/gdac.broadinstitute.org_LIHC.Mutation_Packager_Oncotated_Calls.Level_3.2015082100.1.0.tar.gz
Saving to: “stddata__2015_08_21/LIHC/20150821/gdac.broadinstitute.org_LIHC.Mutation_Packager_Oncotated_Calls.Level_3.2015082100.1.0.tar.gz”
     0K ........ ........ ........ ........ ........ ........ 11% 6.49M 3s
  3072K ........ ........ ........ ........ ........ ........ 23% 12.3M 2s
  6144K ........ ........ ........ ........ ........ ........ 35% 12.1M 2s
  9216K ........ ........ ........ ........ ........ ........ 47% 13.5M 1s
 12288K ........ ........ ........ ........ ........ ........ 58% 13.7M 1s
 15360K ........ ........ ........ ........ ........ ........ 70% 12.6M 1s
 18432K ........ ........ ........ ........ ........ ........ 82% 14.4M 0s
 21504K ........ ........ ........ ........ ........ ........ 94% 15.2M 0s
 24576K ........ ........ ......                             100% 14.8M=2.1s
--2015-11-08 20:00:05--  http://gdac.broadinstitute.org/runs/stddata__2015_08_21/data/LIHC/20150821/gdac.broadinstitute.org_LIHC.Mutation_Packager_Oncotated_Calls.Level_3.2015082100.1.0.tar.gz.md5
Saving to: “stddata__2015_08_21/LIHC/20150821/gdac.broadinstitute.org_LIHC.Mutation_Packager_Oncotated_Calls.Level_3.2015082100.1.0.tar.gz.md5”
     0K                                                      100% 23.8M=0s
FINISHED --2015-11-08 20:00:05--
Downloaded: 22 files, 60M in 4.0s (15.0 MB/s)
--2015-11-08 20:00:05--  http://gdac.broadinstitute.org/runs/stddata__2015_08_21/data/READ/
     0K                                                      100%  175M=0s
--2015-11-08 20:00:05--  http://gdac.broadinstitute.org/runs/stddata__2015_08_21/data/READ/?C=N;O=D
     0K                                                      100%  174M=0s
--2015-11-08 20:00:05--  http://gdac.broadinstitute.org/runs/stddata__2015_08_21/data/READ/?C=M;O=A
     0K                                                      100%  181M=0s
--2015-11-08 20:00:05--  http://gdac.broadinstitute.org/runs/stddata__2015_08_21/data/READ/?C=S;O=A
     0K                                                      100%  173M=0s
--2015-11-08 20:00:05--  http://gdac.broadinstitute.org/runs/stddata__2015_08_21/data/READ/?C=D;O=A
     0K                                                      100%  164M=0s
--2015-11-08 20:00:05--  http://gdac.broadinstitute.org/runs/stddata__2015_08_21/data/READ/20150821/
     0K .                                                     2.83M=0.04s
--2015-11-08 20:00:05--  http://gdac.broadinstitute.org/runs/stddata__2015_08_21/data/READ/?C=N;O=A
     0K                                                      100%  159M=0s
--2015-11-08 20:00:06--  http://gdac.broadinstitute.org/runs/stddata__2015_08_21/data/READ/?C=M;O=D
     0K                                                      100%  174M=0s
--2015-11-08 20:00:06--  http://gdac.broadinstitute.org/runs/stddata__2015_08_21/data/READ/?C=S;O=D
     0K                                                      100%  183M=0s
--2015-11-08 20:00:06--  http://gdac.broadinstitute.org/runs/stddata__2015_08_21/data/READ/?C=D;O=D
     0K                                                      100%  176M=0s
--2015-11-08 20:00:06--  http://gdac.broadinstitute.org/runs/stddata__2015_08_21/data/READ/20150821/?C=N;O=D
     0K .                                                     2.82M=0.04s
--2015-11-08 20:00:06--  http://gdac.broadinstitute.org/runs/stddata__2015_08_21/data/READ/20150821/?C=M;O=A
     0K .                                                     2.78M=0.04s
--2015-11-08 20:00:06--  http://gdac.broadinstitute.org/runs/stddata__2015_08_21/data/READ/20150821/?C=S;O=A
     0K .                                                     2.81M=0.04s
--2015-11-08 20:00:06--  http://gdac.broadinstitute.org/runs/stddata__2015_08_21/data/READ/20150821/?C=D;O=A
     0K .                                                     2.09M=0.05s
--2015-11-08 20:00:06--  http://gdac.broadinstitute.org/runs/stddata__2015_08_21/data/READ/20150821/gdac.broadinstitute.org_READ.Merge_Clinical.Level_1.2015082100.0.0.tar.gz
Saving to: “stddata__2015_08_21/READ/20150821/gdac.broadinstitute.org_READ.Merge_Clinical.Level_1.2015082100.0.0.tar.gz”
     0K ........ ..                                          100% 2.64M=0.3s
--2015-11-08 20:00:06--  http://gdac.broadinstitute.org/runs/stddata__2015_08_21/data/READ/20150821/gdac.broadinstitute.org_READ.Merge_Clinical.Level_1.2015082100.0.0.tar.gz.md5
Saving to: “stddata__2015_08_21/READ/20150821/gdac.broadinstitute.org_READ.Merge_Clinical.Level_1.2015082100.0.0.tar.gz.md5”
     0K                                                      100% 18.5M=0s
--2015-11-08 20:00:06--  http://gdac.broadinstitute.org/runs/stddata__2015_08_21/data/READ/20150821/gdac.broadinstitute.org_READ.Merge_rnaseqv2__illuminahiseq_rnaseqv2__unc_edu__Level_3__RSEM_genes_normalized__data.Level_3.2015082100.0.0.tar.gz
Saving to: “stddata__2015_08_21/READ/20150821/gdac.broadinstitute.org_READ.Merge_rnaseqv2__illuminahiseq_rnaseqv2__unc_edu__Level_3__RSEM_genes_normalized__data.Level_3.2015082100.0.0.tar.gz”
     0K ........ ........ ........ ........ ........ ........ 36% 7.04M 1s
  3072K ........ ........ ........ ........ ........ ........ 72% 13.3M 0s
  6144K ........ ........ ........ ........ ...              100% 33.5M=0.7s
--2015-11-08 20:00:07--  http://gdac.broadinstitute.org/runs/stddata__2015_08_21/data/READ/20150821/gdac.broadinstitute.org_READ.Merge_rnaseqv2__illuminahiseq_rnaseqv2__unc_edu__Level_3__RSEM_genes_normalized__data.Level_3.2015082100.0.0.tar.gz.md5
Saving to: “stddata__2015_08_21/READ/20150821/gdac.broadinstitute.org_READ.Merge_rnaseqv2__illuminahiseq_rnaseqv2__unc_edu__Level_3__RSEM_genes_normalized__data.Level_3.2015082100.0.0.tar.gz.md5”
     0K                                                      100% 32.6M=0s
--2015-11-08 20:00:07--  http://gdac.broadinstitute.org/runs/stddata__2015_08_21/data/READ/20150821/gdac.broadinstitute.org_READ.Merge_snp__genome_wide_snp_6__broad_mit_edu__Level_3__segmented_scna_minus_germline_cnv_hg19__seg.Level_3.2015082100.0.0.tar.gz
Saving to: “stddata__2015_08_21/READ/20150821/gdac.broadinstitute.org_READ.Merge_snp__genome_wide_snp_6__broad_mit_edu__Level_3__segmented_scna_minus_germline_cnv_hg19__seg.Level_3.2015082100.0.0.tar.gz”
     0K ........ .                                           100% 5.09M=0.1s
--2015-11-08 20:00:07--  http://gdac.broadinstitute.org/runs/stddata__2015_08_21/data/READ/20150821/gdac.broadinstitute.org_READ.Merge_snp__genome_wide_snp_6__broad_mit_edu__Level_3__segmented_scna_minus_germline_cnv_hg19__seg.Level_3.2015082100.0.0.tar.gz.md5
Saving to: “stddata__2015_08_21/READ/20150821/gdac.broadinstitute.org_READ.Merge_snp__genome_wide_snp_6__broad_mit_edu__Level_3__segmented_scna_minus_germline_cnv_hg19__seg.Level_3.2015082100.0.0.tar.gz.md5”
     0K                                                      100% 32.5M=0s
--2015-11-08 20:00:07--  http://gdac.broadinstitute.org/runs/stddata__2015_08_21/data/READ/20150821/gdac.broadinstitute.org_READ.Mutation_Packager_Oncotated_Calls.Level_3.2015082100.0.0.tar.gz
Saving to: “stddata__2015_08_21/READ/20150821/gdac.broadinstitute.org_READ.Mutation_Packager_Oncotated_Calls.Level_3.2015082100.0.0.tar.gz”
     0K ........ ........ ........ ........ ........ ........ 17% 15.8M 1s
  3072K ........ ........ ........ ........ ........ ........ 34% 25.5M 1s
  6144K ........ ........ ........ ........ ........ ........ 51% 27.4M 0s
  9216K ........ ........ ........ ........ ........ ........ 69% 42.9M 0s
 12288K ........ ........ ........ ........ ........ ........ 86% 58.6M 0s
 15360K ........ ........ ........ ........ .....            100% 58.2M=0.6s
--2015-11-08 20:00:08--  http://gdac.broadinstitute.org/runs/stddata__2015_08_21/data/READ/20150821/gdac.broadinstitute.org_READ.Mutation_Packager_Oncotated_Calls.Level_3.2015082100.0.0.tar.gz.md5
Saving to: “stddata__2015_08_21/READ/20150821/gdac.broadinstitute.org_READ.Mutation_Packager_Oncotated_Calls.Level_3.2015082100.0.0.tar.gz.md5”
     0K                                                      100% 23.7M=0s
FINISHED --2015-11-08 20:00:08--
Downloaded: 22 files, 27M in 1.9s (14.7 MB/s)


Now performing post-processing on retrieved files ...
